{
  "stats": {
    "suites": 1,
    "tests": 2,
    "passes": 2,
    "pending": 0,
    "failures": 0,
    "start": "2025-10-26T19:31:23.392Z",
    "end": "2025-10-26T19:31:31.245Z",
    "duration": 7853,
    "testsRegistered": 2,
    "passPercent": 100,
    "pendingPercent": 0,
    "other": 0,
    "hasOther": false,
    "skipped": 0,
    "hasSkipped": false
  },
  "results": [
    {
      "uuid": "caa1f844-a652-43ce-87b5-0c89d11b4d98",
      "title": "",
      "fullFile": "D:\\Bootcamp QA\\uiAutomation_advance2\\Test Case\\tc01_login.js",
      "file": "\\Test Case\\tc01_login.js",
      "beforeHooks": [],
      "afterHooks": [],
      "tests": [],
      "suites": [
        {
          "uuid": "0783c270-3a68-482c-9b4d-a3ccca799740",
          "title": "Test SAUCEDEMO",
          "fullFile": "D:\\Bootcamp QA\\uiAutomation_advance2\\Test Case\\tc01_login.js",
          "file": "\\Test Case\\tc01_login.js",
          "beforeHooks": [
            {
              "title": "\"before each\" hook in \"Test SAUCEDEMO\"",
              "fullTitle": "Test SAUCEDEMO \"before each\" hook in \"Test SAUCEDEMO\"",
              "timedOut": false,
              "duration": 967,
              "state": null,
              "speed": null,
              "pass": false,
              "fail": false,
              "pending": false,
              "context": null,
              "code": "//sebelum test dijalankan buka browser.\n        console.log('ini before test');\n        driver = await new Builder()\n            .forBrowser('chrome')\n            .setChromeOptions(options)\n            .build();\n        await driver.manage().window().maximize();\n        await driver.get('https://www.saucedemo.com/v1/');",
              "err": {},
              "uuid": "266feaf8-5c77-4ce2-83ca-287452b253a2",
              "parentUUID": "0783c270-3a68-482c-9b4d-a3ccca799740",
              "isHook": true,
              "skipped": false
            }
          ],
          "afterHooks": [
            {
              "title": "\"after each\" hook in \"Test SAUCEDEMO\"",
              "fullTitle": "Test SAUCEDEMO \"after each\" hook in \"Test SAUCEDEMO\"",
              "timedOut": false,
              "duration": 2112,
              "state": null,
              "speed": null,
              "pass": false,
              "fail": false,
              "pending": false,
              "context": null,
              "code": "//setelah semua test selesai quit browser.\n        console.log('ini after test');\n        await driver.sleep(2000);\n        await driver.quit();",
              "err": {},
              "uuid": "ed8bb320-9126-4f2c-b16b-ac22f9a827fa",
              "parentUUID": "0783c270-3a68-482c-9b4d-a3ccca799740",
              "isHook": true,
              "skipped": false
            }
          ],
          "tests": [
            {
              "title": "ini test valid",
              "fullTitle": "Test SAUCEDEMO ini test valid",
              "timedOut": false,
              "duration": 1118,
              "state": "passed",
              "speed": "slow",
              "pass": true,
              "fail": false,
              "pending": false,
              "context": null,
              "code": "let input = await driver.findElement(LoginPage.inputUsername);\nawait input.sendKeys(\"standard_user\");\n// let ss_kolom_username = await input.takeScreenshot();\n// fs.writeFileSync('report_ss/ss_kolom_username.png', Buffer.from(ss_kolom_username, 'base64'));\nlet password = await driver.findElement(LoginPage.inputPassword);\nawait password.sendKeys(\"secret_sauce\");\nlet loginBtn = await driver.findElement(LoginPage.buttonLogin);\nawait loginBtn.click();\nlet produk = await driver.wait(until.elementLocated(By.className(\"product_label\")), 50000);\nlet isDisplayed = await produk.isDisplayed();\nassert.strictEqual(isDisplayed, true);\nlet ss_validlogin = await driver.takeScreenshot();\nfs.writeFileSync('report_ss/login/ss_validlogin.png', Buffer.from(ss_validlogin, 'base64'));",
              "err": {},
              "uuid": "b1561a56-785c-4ae2-bdcc-af8ebd233439",
              "parentUUID": "0783c270-3a68-482c-9b4d-a3ccca799740",
              "isHook": false,
              "skipped": false
            },
            {
              "title": "ini test lockedout user",
              "fullTitle": "Test SAUCEDEMO ini test lockedout user",
              "timedOut": false,
              "duration": 592,
              "state": "passed",
              "speed": "slow",
              "pass": true,
              "fail": false,
              "pending": false,
              "context": null,
              "code": "let input = await driver.findElement(LoginPage.inputUsername);\nawait input.sendKeys(\"locked_out_user\");\nlet password = await driver.findElement(LoginPage.inputPassword);\nawait password.sendKeys(\"secret_sauce\");\nlet loginBtn2 = await driver.findElement(LoginPage.buttonLogin);\nawait loginBtn2.click();\nlet ss_lockedoutuser = await driver.takeScreenshot();\nfs.writeFileSync('report_ss/login/ss_lockedoutuser.png', Buffer.from(ss_lockedoutuser, 'base64'));\n//assert\nawait driver.wait(until.elementLocated(By.css('h3[data-test=\"error\"]')), 50000);\nlet erorWarning = await driver.findElement(By.css('h3[data-test=\"error\"]'));\nlet eror = await erorWarning.getText();\n// console.log('locked user error text:', eror);\nassert.strictEqual(eror, \"Epic sadface: Sorry, this user has been locked out.\");",
              "err": {},
              "uuid": "85d9545c-da2c-4545-b1c0-c65e266fef8d",
              "parentUUID": "0783c270-3a68-482c-9b4d-a3ccca799740",
              "isHook": false,
              "skipped": false
            }
          ],
          "suites": [],
          "passes": [
            "b1561a56-785c-4ae2-bdcc-af8ebd233439",
            "85d9545c-da2c-4545-b1c0-c65e266fef8d"
          ],
          "failures": [],
          "pending": [],
          "skipped": [],
          "duration": 1710,
          "root": false,
          "rootEmpty": false,
          "_timeout": 50000
        }
      ],
      "passes": [],
      "failures": [],
      "pending": [],
      "skipped": [],
      "duration": 0,
      "root": true,
      "rootEmpty": true,
      "_timeout": 2000
    }
  ],
  "meta": {
    "mocha": {
      "version": "11.7.4"
    },
    "mochawesome": {
      "options": {
        "quiet": false,
        "reportFilename": "tc01_login",
        "saveHtml": true,
        "saveJson": true,
        "consoleReporter": "spec",
        "useInlineDiffs": false,
        "code": true
      },
      "version": "7.1.4"
    },
    "marge": {
      "options": {
        "reportDir": "mochawesome-report/report_login",
        "reportFilename": "tc01_login"
      },
      "version": "6.3.0"
    }
  }
}